c:\users\王周凯\desktop\知识仓库\myawesomegame\myawesomegame\x64\debug\vc143.pdb
c:\users\王周凯\desktop\知识仓库\myawesomegame\myawesomegame\x64\debug\vc143.idb
c:\users\王周凯\desktop\知识仓库\myawesomegame\myawesomegame\x64\debug\myawesomegame.obj
c:\users\王周凯\desktop\知识仓库\myawesomegame\myawesomegame\x64\debug\componentbase.obj
c:\users\王周凯\desktop\知识仓库\myawesomegame\myawesomegame\x64\debug\transformcomponent.obj
c:\users\王周凯\desktop\知识仓库\myawesomegame\myawesomegame\x64\debug\myawesomegame.res
c:\users\王周凯\desktop\知识仓库\myawesomegame\x64\debug\myawesomegame.pdb
c:\users\王周凯\desktop\知识仓库\myawesomegame\myawesomegame\x64\debug\myawesomegame.tlog\cl.command.1.tlog
c:\users\王周凯\desktop\知识仓库\myawesomegame\myawesomegame\x64\debug\myawesomegame.tlog\cl.items.tlog
c:\users\王周凯\desktop\知识仓库\myawesomegame\myawesomegame\x64\debug\myawesomegame.tlog\cl.read.1.tlog
c:\users\王周凯\desktop\知识仓库\myawesomegame\myawesomegame\x64\debug\myawesomegame.tlog\cl.write.1.tlog
c:\users\王周凯\desktop\知识仓库\myawesomegame\myawesomegame\x64\debug\myawesomegame.tlog\link-cvtres.read.1.tlog
c:\users\王周凯\desktop\知识仓库\myawesomegame\myawesomegame\x64\debug\myawesomegame.tlog\link-cvtres.write.1.tlog
c:\users\王周凯\desktop\知识仓库\myawesomegame\myawesomegame\x64\debug\myawesomegame.tlog\link-rc.read.1.tlog
c:\users\王周凯\desktop\知识仓库\myawesomegame\myawesomegame\x64\debug\myawesomegame.tlog\link-rc.write.1.tlog
c:\users\王周凯\desktop\知识仓库\myawesomegame\myawesomegame\x64\debug\myawesomegame.tlog\link.10960-cvtres.read.1.tlog
c:\users\王周凯\desktop\知识仓库\myawesomegame\myawesomegame\x64\debug\myawesomegame.tlog\link.10960-cvtres.write.1.tlog
c:\users\王周凯\desktop\知识仓库\myawesomegame\myawesomegame\x64\debug\myawesomegame.tlog\link.10960-rc.read.1.tlog
c:\users\王周凯\desktop\知识仓库\myawesomegame\myawesomegame\x64\debug\myawesomegame.tlog\link.10960-rc.write.1.tlog
c:\users\王周凯\desktop\知识仓库\myawesomegame\myawesomegame\x64\debug\myawesomegame.tlog\link.10960.read.1.tlog
c:\users\王周凯\desktop\知识仓库\myawesomegame\myawesomegame\x64\debug\myawesomegame.tlog\link.10960.read.2.tlog
c:\users\王周凯\desktop\知识仓库\myawesomegame\myawesomegame\x64\debug\myawesomegame.tlog\link.10960.read.3.tlog
c:\users\王周凯\desktop\知识仓库\myawesomegame\myawesomegame\x64\debug\myawesomegame.tlog\link.10960.read.4.tlog
c:\users\王周凯\desktop\知识仓库\myawesomegame\myawesomegame\x64\debug\myawesomegame.tlog\link.10960.write.1.tlog
c:\users\王周凯\desktop\知识仓库\myawesomegame\myawesomegame\x64\debug\myawesomegame.tlog\link.command.1.tlog
c:\users\王周凯\desktop\知识仓库\myawesomegame\myawesomegame\x64\debug\myawesomegame.tlog\link.read.1.tlog
c:\users\王周凯\desktop\知识仓库\myawesomegame\myawesomegame\x64\debug\myawesomegame.tlog\link.read.2.tlog
c:\users\王周凯\desktop\知识仓库\myawesomegame\myawesomegame\x64\debug\myawesomegame.tlog\link.read.3.tlog
c:\users\王周凯\desktop\知识仓库\myawesomegame\myawesomegame\x64\debug\myawesomegame.tlog\link.read.4.tlog
c:\users\王周凯\desktop\知识仓库\myawesomegame\myawesomegame\x64\debug\myawesomegame.tlog\link.write.1.tlog
c:\users\王周凯\desktop\知识仓库\myawesomegame\myawesomegame\x64\debug\myawesomegame.tlog\rc.command.1.tlog
c:\users\王周凯\desktop\知识仓库\myawesomegame\myawesomegame\x64\debug\myawesomegame.tlog\rc.read.1.tlog
c:\users\王周凯\desktop\知识仓库\myawesomegame\myawesomegame\x64\debug\myawesomegame.tlog\rc.write.1.tlog
